Flow report for my8051
Sat Apr 25 03:35:30 2020
Quartus Prime Version 18.1.0 Build 625 09/12/2018 SJ Lite Edition


---------------------
; Table of Contents ;
---------------------
  1. Legal Notice
  2. Flow Summary
  3. Flow Settings
  4. Flow Non-Default Global Settings
  5. Flow Elapsed Time
  6. Flow OS Summary
  7. Flow Log
  8. Flow Messages
  9. Flow Suppressed Messages



----------------
; Legal Notice ;
----------------
Copyright (C) 2018  Intel Corporation. All rights reserved.
Your use of Intel Corporation's design tools, logic functions 
and other software and tools, and its AMPP partner logic 
functions, and any output files from any of the foregoing 
(including device programming or simulation files), and any 
associated documentation or information are expressly subject 
to the terms and conditions of the Intel Program License 
Subscription Agreement, the Intel Quartus Prime License Agreement,
the Intel FPGA IP License Agreement, or other applicable license
agreement, including, without limitation, that your use is for
the sole purpose of programming logic devices manufactured by
Intel and sold by Intel or its authorized distributors.  Please
refer to the applicable agreement for further details.



+----------------------------------------------------------------------------------+
; Flow Summary                                                                     ;
+------------------------------------+---------------------------------------------+
; Flow Status                        ; Successful - Sat Apr 25 03:35:30 2020       ;
; Quartus Prime Version              ; 18.1.0 Build 625 09/12/2018 SJ Lite Edition ;
; Revision Name                      ; my8051                                      ;
; Top-level Entity Name              ; my8051                                      ;
; Family                             ; Cyclone IV E                                ;
; Device                             ; EP4CE22F17C6                                ;
; Timing Models                      ; Final                                       ;
; Total logic elements               ; 1,379 / 22,320 ( 6 % )                      ;
;     Total combinational functions  ; 1,364 / 22,320 ( 6 % )                      ;
;     Dedicated logic registers      ; 135 / 22,320 ( < 1 % )                      ;
; Total registers                    ; 135                                         ;
; Total pins                         ; 10 / 154 ( 6 % )                            ;
; Total virtual pins                 ; 0                                           ;
; Total memory bits                  ; 66,560 / 608,256 ( 11 % )                   ;
; Embedded Multiplier 9-bit elements ; 1 / 132 ( < 1 % )                           ;
; Total PLLs                         ; 0 / 4 ( 0 % )                               ;
+------------------------------------+---------------------------------------------+


+-----------------------------------------+
; Flow Settings                           ;
+-------------------+---------------------+
; Option            ; Setting             ;
+-------------------+---------------------+
; Start date & time ; 04/25/2020 03:33:52 ;
; Main task         ; Compilation         ;
; Revision Name     ; my8051              ;
+-------------------+---------------------+


+-------------------------------------------------------------------------------------------------------------------------------------------------------------------+
; Flow Non-Default Global Settings                                                                                                                                  ;
+------------------------------------------------+-------------------------------------------------------------------+---------------+-------------+----------------+
; Assignment Name                                ; Value                                                             ; Default Value ; Entity Name ; Section Id     ;
+------------------------------------------------+-------------------------------------------------------------------+---------------+-------------+----------------+
; COMPILER_SIGNATURE_ID                          ; 1097875240410.158775683104748                                     ; --            ; --          ; --             ;
; EDA_OUTPUT_DATA_FORMAT                         ; Verilog Hdl                                                       ; --            ; --          ; eda_simulation ;
; EDA_SIMULATION_TOOL                            ; ModelSim (Verilog)                                                ; <None>        ; --          ; --             ;
; EDA_TIME_SCALE                                 ; 1 ps                                                              ; --            ; --          ; eda_simulation ;
; EDA_USER_COMPILED_SIMULATION_LIBRARY_DIRECTORY ; C:\Users\jinha\OneDrive\Hardware\Processor\8051\my8051\simulation ; --            ; --          ; eda_simulation ;
; MAX_CORE_JUNCTION_TEMP                         ; 85                                                                ; --            ; --          ; --             ;
; MIN_CORE_JUNCTION_TEMP                         ; 0                                                                 ; --            ; --          ; --             ;
; MISC_FILE                                      ; rtl/rom_bb.v                                                      ; --            ; --          ; --             ;
; MISC_FILE                                      ; rtl/data_bb.v                                                     ; --            ; --          ; --             ;
; MISC_FILE                                      ; rtl/xdata_bb.v                                                    ; --            ; --          ; --             ;
; NOMINAL_CORE_SUPPLY_VOLTAGE                    ; 1.2V                                                              ; --            ; --          ; --             ;
; PARTITION_COLOR                                ; -- (Not supported for targeted family)                            ; --            ; --          ; Top            ;
; PARTITION_FITTER_PRESERVATION_LEVEL            ; -- (Not supported for targeted family)                            ; --            ; --          ; Top            ;
; PARTITION_NETLIST_TYPE                         ; -- (Not supported for targeted family)                            ; --            ; --          ; Top            ;
; POWER_BOARD_THERMAL_MODEL                      ; None (CONSERVATIVE)                                               ; --            ; --          ; --             ;
; POWER_PRESET_COOLING_SOLUTION                  ; 23 MM HEAT SINK WITH 200 LFPM AIRFLOW                             ; --            ; --          ; --             ;
; PROJECT_OUTPUT_DIRECTORY                       ; output_files                                                      ; --            ; --          ; --             ;
+------------------------------------------------+-------------------------------------------------------------------+---------------+-------------+----------------+


+--------------------------------------------------------------------------------------------------------------------------+
; Flow Elapsed Time                                                                                                        ;
+----------------------+--------------+-------------------------+---------------------+------------------------------------+
; Module Name          ; Elapsed Time ; Average Processors Used ; Peak Virtual Memory ; Total CPU Time (on all processors) ;
+----------------------+--------------+-------------------------+---------------------+------------------------------------+
; Analysis & Synthesis ; 00:00:38     ; 1.0                     ; 4770 MB             ; 00:00:55                           ;
; Fitter               ; 00:00:43     ; 1.0                     ; 5351 MB             ; 00:00:46                           ;
; Assembler            ; 00:00:03     ; 1.0                     ; 4676 MB             ; 00:00:02                           ;
; Timing Analyzer      ; 00:00:06     ; 1.4                     ; 4767 MB             ; 00:00:06                           ;
; EDA Netlist Writer   ; 00:00:04     ; 1.0                     ; 4658 MB             ; 00:00:03                           ;
; Total                ; 00:01:34     ; --                      ; --                  ; 00:01:52                           ;
+----------------------+--------------+-------------------------+---------------------+------------------------------------+


+------------------------------------------------------------------------------------+
; Flow OS Summary                                                                    ;
+----------------------+------------------+------------+------------+----------------+
; Module Name          ; Machine Hostname ; OS Name    ; OS Version ; Processor type ;
+----------------------+------------------+------------+------------+----------------+
; Analysis & Synthesis ; jinhao0521-sp    ; Windows 10 ; 10.0       ; x86_64         ;
; Fitter               ; jinhao0521-sp    ; Windows 10 ; 10.0       ; x86_64         ;
; Assembler            ; jinhao0521-sp    ; Windows 10 ; 10.0       ; x86_64         ;
; Timing Analyzer      ; jinhao0521-sp    ; Windows 10 ; 10.0       ; x86_64         ;
; EDA Netlist Writer   ; jinhao0521-sp    ; Windows 10 ; 10.0       ; x86_64         ;
+----------------------+------------------+------------+------------+----------------+


------------
; Flow Log ;
------------
quartus_map --read_settings_files=on --write_settings_files=off my8051 -c my8051
quartus_fit --read_settings_files=off --write_settings_files=off my8051 -c my8051
quartus_asm --read_settings_files=off --write_settings_files=off my8051 -c my8051
quartus_sta my8051 -c my8051
quartus_eda --read_settings_files=off --write_settings_files=off my8051 -c my8051



